The system is: Windows - 10.0.19041 - AMD64
Compiling the C compiler identification source file "CMakeCCompilerId.c" succeeded.
Compiler: C:/MinGW/bin/gcc.exe 
Build flags: 
Id flags:  

The output was:
0


Compilation of the C compiler identification source "CMakeCCompilerId.c" produced "a.exe"

The C compiler identification is GNU, found in "C:/Users/Pravin Tripathi/CLionProjects/cpp_learning/cmake-build-debug/CMakeFiles/3.16.5/CompilerIdC/a.exe"

Compiling the CXX compiler identification source file "CMakeCXXCompilerId.cpp" succeeded.
Compiler: C:/MinGW/bin/g++.exe 
Build flags: 
Id flags:  

The output was:
0


Compilation of the CXX compiler identification source "CMakeCXXCompilerId.cpp" produced "a.exe"

The CXX compiler identification is GNU, found in "C:/Users/Pravin Tripathi/CLionProjects/cpp_learning/cmake-build-debug/CMakeFiles/3.16.5/CompilerIdCXX/a.exe"

Determining if the C compiler works passed with the following output:
Change Dir: C:/Users/Pravin Tripathi/CLionProjects/cpp_learning/cmake-build-debug/CMakeFiles/CMakeTmp

Run Build Command(s):C:/MinGW/bin/mingw32-make.exe cmTC_7a8c1/fast && C:/MinGW/bin/mingw32-make.exe -f CMakeFiles\cmTC_7a8c1.dir\build.make CMakeFiles/cmTC_7a8c1.dir/build
mingw32-make.exe[1]: Entering directory 'C:/Users/Pravin Tripathi/CLionProjects/cpp_learning/cmake-build-debug/CMakeFiles/CMakeTmp'
Building C object CMakeFiles/cmTC_7a8c1.dir/testCCompiler.c.obj
C:\MinGW\bin\gcc.exe    -o CMakeFiles\cmTC_7a8c1.dir\testCCompiler.c.obj   -c "C:\Users\Pravin Tripathi\CLionProjects\cpp_learning\cmake-build-debug\CMakeFiles\CMakeTmp\testCCompiler.c"
Linking C executable cmTC_7a8c1.exe
"C:\Program Files\JetBrains\CLion 2020.1.2\bin\cmake\win\bin\cmake.exe" -E cmake_link_script CMakeFiles\cmTC_7a8c1.dir\link.txt --verbose=1
"C:\Program Files\JetBrains\CLion 2020.1.2\bin\cmake\win\bin\cmake.exe" -E remove -f CMakeFiles\cmTC_7a8c1.dir/objects.a
C:\MinGW\bin\ar.exe cr CMakeFiles\cmTC_7a8c1.dir/objects.a @CMakeFiles\cmTC_7a8c1.dir\objects1.rsp
C:\MinGW\bin\gcc.exe      -Wl,--whole-archive CMakeFiles\cmTC_7a8c1.dir/objects.a -Wl,--no-whole-archive  -o cmTC_7a8c1.exe -Wl,--out-implib,libcmTC_7a8c1.dll.a -Wl,--major-image-version,0,--minor-image-version,0 @CMakeFiles\cmTC_7a8c1.dir\linklibs.rsp
mingw32-make.exe[1]: Leaving directory 'C:/Users/Pravin Tripathi/CLionProjects/cpp_learning/cmake-build-debug/CMakeFiles/CMakeTmp'



Determining if the CXX compiler works passed with the following output:
Change Dir: C:/Users/Pravin Tripathi/CLionProjects/cpp_learning/cmake-build-debug/CMakeFiles/CMakeTmp

Run Build Command(s):C:/MinGW/bin/mingw32-make.exe cmTC_06a53/fast && C:/MinGW/bin/mingw32-make.exe -f CMakeFiles\cmTC_06a53.dir\build.make CMakeFiles/cmTC_06a53.dir/build
mingw32-make.exe[1]: Entering directory 'C:/Users/Pravin Tripathi/CLionProjects/cpp_learning/cmake-build-debug/CMakeFiles/CMakeTmp'
Building CXX object CMakeFiles/cmTC_06a53.dir/testCXXCompiler.cxx.obj
C:\MinGW\bin\g++.exe     -o CMakeFiles\cmTC_06a53.dir\testCXXCompiler.cxx.obj -c "C:\Users\Pravin Tripathi\CLionProjects\cpp_learning\cmake-build-debug\CMakeFiles\CMakeTmp\testCXXCompiler.cxx"
Linking CXX executable cmTC_06a53.exe
"C:\Program Files\JetBrains\CLion 2020.1.2\bin\cmake\win\bin\cmake.exe" -E cmake_link_script CMakeFiles\cmTC_06a53.dir\link.txt --verbose=1
"C:\Program Files\JetBrains\CLion 2020.1.2\bin\cmake\win\bin\cmake.exe" -E remove -f CMakeFiles\cmTC_06a53.dir/objects.a
C:\MinGW\bin\ar.exe cr CMakeFiles\cmTC_06a53.dir/objects.a @CMakeFiles\cmTC_06a53.dir\objects1.rsp
C:\MinGW\bin\g++.exe      -Wl,--whole-archive CMakeFiles\cmTC_06a53.dir/objects.a -Wl,--no-whole-archive  -o cmTC_06a53.exe -Wl,--out-implib,libcmTC_06a53.dll.a -Wl,--major-image-version,0,--minor-image-version,0 @CMakeFiles\cmTC_06a53.dir\linklibs.rsp
mingw32-make.exe[1]: Leaving directory 'C:/Users/Pravin Tripathi/CLionProjects/cpp_learning/cmake-build-debug/CMakeFiles/CMakeTmp'



